<?xml version="1.0" encoding="UTF-8"?>
<testng-results skipped="0" failed="1" ignored="0" total="4" passed="3">
  <reporter-output>
  </reporter-output>
  <suite name="Suite" duration-ms="50" started-at="2021-04-25T11:44:17 IST" finished-at="2021-04-25T11:44:17 IST">
    <groups>
    </groups>
    <test name="Test" duration-ms="50" started-at="2021-04-25T11:44:17 IST" finished-at="2021-04-25T11:44:17 IST">
      <class name="TestNGDemo.FacebookLoginTestCases">
        <test-method status="PASS" signature="PurchageLaptop()[pri:0, instance:TestNGDemo.FacebookLoginTestCases@6e6c3152]" name="PurchageLaptop" is-config="true" duration-ms="6" started-at="2021-04-25T11:44:17 IST" finished-at="2021-04-25T11:44:17 IST">
          <reporter-output>
          </reporter-output>
        </test-method> <!-- PurchageLaptop -->
        <test-method status="PASS" signature="ConnectDB()[pri:0, instance:TestNGDemo.FacebookLoginTestCases@6e6c3152]" name="ConnectDB" is-config="true" duration-ms="1" started-at="2021-04-25T11:44:17 IST" finished-at="2021-04-25T11:44:17 IST">
          <reporter-output>
          </reporter-output>
        </test-method> <!-- ConnectDB -->
        <test-method status="PASS" signature="TC01_LoginFacebookTest()[pri:0, instance:TestNGDemo.FacebookLoginTestCases@6e6c3152]" name="TC01_LoginFacebookTest" duration-ms="1" started-at="2021-04-25T11:44:17 IST" finished-at="2021-04-25T11:44:17 IST">
          <reporter-output>
          </reporter-output>
        </test-method> <!-- TC01_LoginFacebookTest -->
        <test-method status="PASS" signature="DisconnectDB()[pri:0, instance:TestNGDemo.FacebookLoginTestCases@6e6c3152]" name="DisconnectDB" is-config="true" duration-ms="1" started-at="2021-04-25T11:44:17 IST" finished-at="2021-04-25T11:44:17 IST">
          <reporter-output>
          </reporter-output>
        </test-method> <!-- DisconnectDB -->
        <test-method status="PASS" signature="ConnectDB()[pri:0, instance:TestNGDemo.FacebookLoginTestCases@6e6c3152]" name="ConnectDB" is-config="true" duration-ms="0" started-at="2021-04-25T11:44:17 IST" finished-at="2021-04-25T11:44:17 IST">
          <reporter-output>
          </reporter-output>
        </test-method> <!-- ConnectDB -->
        <test-method status="PASS" signature="TC02_UploadFotoInFacebookTest()[pri:0, instance:TestNGDemo.FacebookLoginTestCases@6e6c3152]" name="TC02_UploadFotoInFacebookTest" duration-ms="1" started-at="2021-04-25T11:44:17 IST" finished-at="2021-04-25T11:44:17 IST">
          <reporter-output>
          </reporter-output>
        </test-method> <!-- TC02_UploadFotoInFacebookTest -->
        <test-method status="PASS" signature="DisconnectDB()[pri:0, instance:TestNGDemo.FacebookLoginTestCases@6e6c3152]" name="DisconnectDB" is-config="true" duration-ms="1" started-at="2021-04-25T11:44:17 IST" finished-at="2021-04-25T11:44:17 IST">
          <reporter-output>
          </reporter-output>
        </test-method> <!-- DisconnectDB -->
        <test-method status="PASS" signature="TC03_CommentFacebookTest()[pri:0, instance:TestNGDemo.FacebookLoginTestCases@6e6c3152]" name="TC03_CommentFacebookTest" duration-ms="1" started-at="2021-04-25T11:44:17 IST" finished-at="2021-04-25T11:44:17 IST">
          <reporter-output>
          </reporter-output>
        </test-method> <!-- TC03_CommentFacebookTest -->
        <test-method status="PASS" signature="ConnectDB()[pri:0, instance:TestNGDemo.FacebookLoginTestCases@6e6c3152]" name="ConnectDB" is-config="true" duration-ms="0" started-at="2021-04-25T11:44:17 IST" finished-at="2021-04-25T11:44:17 IST">
          <reporter-output>
          </reporter-output>
        </test-method> <!-- ConnectDB -->
        <test-method status="PASS" signature="DisconnectDB()[pri:0, instance:TestNGDemo.FacebookLoginTestCases@6e6c3152]" name="DisconnectDB" is-config="true" duration-ms="0" started-at="2021-04-25T11:44:17 IST" finished-at="2021-04-25T11:44:17 IST">
          <reporter-output>
          </reporter-output>
        </test-method> <!-- DisconnectDB -->
        <test-method status="PASS" signature="SellLaptop()[pri:0, instance:TestNGDemo.FacebookLoginTestCases@6e6c3152]" name="SellLaptop" is-config="true" duration-ms="0" started-at="2021-04-25T11:44:17 IST" finished-at="2021-04-25T11:44:17 IST">
          <reporter-output>
          </reporter-output>
        </test-method> <!-- SellLaptop -->
      </class> <!-- TestNGDemo.FacebookLoginTestCases -->
      <class name="TestNGDemo.FacebookHomeTestCases">
        <test-method status="FAIL" signature="TC03_FacebookPost()[pri:0, instance:TestNGDemo.FacebookHomeTestCases@50b494a6]" name="TC03_FacebookPost" duration-ms="7" started-at="2021-04-25T11:44:17 IST" finished-at="2021-04-25T11:44:17 IST">
          <exception class="java.lang.AssertionError">
            <message>
              <![CDATA[expected [Post successful] but found [Posts successful]]]>
            </message>
            <full-stacktrace>
              <![CDATA[java.lang.AssertionError: expected [Post successful] but found [Posts successful]
at org.testng.Assert.fail(Assert.java:99)
at org.testng.Assert.failNotEquals(Assert.java:1037)
at org.testng.Assert.assertEqualsImpl(Assert.java:140)
at org.testng.Assert.assertEquals(Assert.java:122)
at org.testng.Assert.assertEquals(Assert.java:629)
at org.testng.Assert.assertEquals(Assert.java:639)
at TestNGDemo.FacebookHomeTestCases.TC03_FacebookPost(FacebookHomeTestCases.java:15)
at sun.reflect.NativeMethodAccessorImpl.invoke0(Native Method)
at sun.reflect.NativeMethodAccessorImpl.invoke(NativeMethodAccessorImpl.java:62)
at sun.reflect.DelegatingMethodAccessorImpl.invoke(DelegatingMethodAccessorImpl.java:43)
at java.lang.reflect.Method.invoke(Method.java:498)
at org.testng.internal.MethodInvocationHelper.invokeMethod(MethodInvocationHelper.java:132)
at org.testng.internal.TestInvoker.invokeMethod(TestInvoker.java:599)
at org.testng.internal.TestInvoker.invokeTestMethod(TestInvoker.java:174)
at org.testng.internal.MethodRunner.runInSequence(MethodRunner.java:46)
at org.testng.internal.TestInvoker$MethodInvocationAgent.invoke(TestInvoker.java:822)
at org.testng.internal.TestInvoker.invokeTestMethods(TestInvoker.java:147)
at org.testng.internal.TestMethodWorker.invokeTestMethods(TestMethodWorker.java:146)
at org.testng.internal.TestMethodWorker.run(TestMethodWorker.java:128)
at java.util.ArrayList.forEach(ArrayList.java:1259)
at org.testng.TestRunner.privateRun(TestRunner.java:764)
at org.testng.TestRunner.run(TestRunner.java:585)
at org.testng.SuiteRunner.runTest(SuiteRunner.java:384)
at org.testng.SuiteRunner.runSequentially(SuiteRunner.java:378)
at org.testng.SuiteRunner.privateRun(SuiteRunner.java:337)
at org.testng.SuiteRunner.run(SuiteRunner.java:286)
at org.testng.SuiteRunnerWorker.runSuite(SuiteRunnerWorker.java:53)
at org.testng.SuiteRunnerWorker.run(SuiteRunnerWorker.java:96)
at org.testng.TestNG.runSuitesSequentially(TestNG.java:1218)
at org.testng.TestNG.runSuitesLocally(TestNG.java:1140)
at org.testng.TestNG.runSuites(TestNG.java:1069)
at org.testng.TestNG.run(TestNG.java:1037)
at org.testng.remote.AbstractRemoteTestNG.run(AbstractRemoteTestNG.java:115)
at org.testng.remote.RemoteTestNG.initAndRun(RemoteTestNG.java:251)
at org.testng.remote.RemoteTestNG.main(RemoteTestNG.java:77)
]]>
            </full-stacktrace>
          </exception> <!-- java.lang.AssertionError -->
          <reporter-output>
          </reporter-output>
        </test-method> <!-- TC03_FacebookPost -->
      </class> <!-- TestNGDemo.FacebookHomeTestCases -->
    </test> <!-- Test -->
  </suite> <!-- Suite -->
</testng-results>
